[20:53:56.603][info] [#0:/home/bryce/.config/emacs/.cache/lsp/lua-language-server/main.lua:68]: Lua Lsp startup, root: 	/home/bryce/.config/emacs/.cache/lsp/lua-language-server
[20:53:56.605][info] [#0:/home/bryce/.config/emacs/.cache/lsp/lua-language-server/main.lua:69]: ROOT:	/home/bryce/.config/emacs/.cache/lsp/lua-language-server
[20:53:56.605][info] [#0:/home/bryce/.config/emacs/.cache/lsp/lua-language-server/main.lua:70]: LOGPATH:	/home/bryce/.config/emacs/.cache/lsp/lua-language-server/log
[20:53:56.605][info] [#0:/home/bryce/.config/emacs/.cache/lsp/lua-language-server/main.lua:71]: METAPATH:	/home/bryce/.config/emacs/.cache/lsp/lua-language-server/meta
[20:53:56.610][info] [#0:/home/bryce/.config/emacs/.cache/lsp/lua-language-server/main.lua:72]: VERSION:	3.15.0
[20:53:56.838][info] [#0:script/proto/proto.lua:260]: Listen Mode: stdio
[20:53:56.838][info] [#0:script/service/service.lua:145]: 
========= Medical Examination Report =========
    --------------- Memory ---------------
        Total: 2.264 MB
        # 00 : 2.264 MB
        # 01 : 0.000 MB
        # 02 : 0.000 MB
        # 03 : 0.000 MB
        # 04 : 0.000 MB
    --------------- Coroutine ---------------
        Total:     0
        Running:   0
        Suspended: 0
        Normal:    0
        Dead:      0
    --------------- Cache ---------------
        Total: 1
        Dead:  0
    ---------------  RPC  ---------------
        Holdon:   0
        Waiting:  0
==============================================
[20:53:57.000][info] [#0:script/client.lua:657]: Client init	{
  capabilities = {
    general = {
      positionEncodings = { "utf-32", "utf-16" }
    },
    textDocument = {
      callHierarchy = {
        dynamicRegistration = false
      },
      codeAction = {
        codeActionLiteralSupport = {
          codeActionKind = {
            valueSet = { "", "quickfix", "refactor", "refactor.extract", "refactor.inline", "refactor.rewrite", "source", "source.organizeImports" }
          }
        },
        dataSupport = true,
        dynamicRegistration = true,
        isPreferredSupport = true,
        resolveSupport = {
          properties = { "edit", "command" }
        }
      },
      completion = {
        completionItem = {
          deprecatedSupport = true,
          documentationFormat = { "markdown", "plaintext" },
          insertReplaceSupport = true,
          insertTextModeSupport = {
            valueSet = { 1, 2 }
          },
          labelDetailsSupport = true,
          resolveAdditionalTextEditsSupport = true,
          resolveSupport = {
            properties = { "documentation", "detail", "additionalTextEdits", "command" }
          },
          snippetSupport = false
        },
        contextSupport = true,
        dynamicRegistration = true
      },
      declaration = {
        dynamicRegistration = true,
        linkSupport = true
      },
      definition = {
        dynamicRegistration = true,
        linkSupport = true
      },
      diagnostic = {
        dynamicRegistration = false,
        relatedDocumentSupport = false
      },
      documentLink = {
        dynamicRegistration = true,
        tooltipSupport = true
      },
      documentSymbol = {
        hierarchicalDocumentSymbolSupport = true,
        symbolKind = {
          valueSet = { 1, 2, 3, 4, 5, 6, 7, 8, 9, 10, 11, 12, 13, 14, 15, 16, 17, 18, 19, 20, 21, 22, 23, 24, 25, 26 }
        }
      },
      foldingRange = {
        dynamicRegistration = true
      },
      formatting = {
        dynamicRegistration = true
      },
      hover = {
        contentFormat = { "markdown", "plaintext" },
        dynamicRegistration = true
      },
      implementation = {
        dynamicRegistration = true,
        linkSupport = true
      },
      linkedEditingRange = {
        dynamicRegistration = true
      },
      onTypeFormatting = {
        dynamicRegistration = true
      },
      publishDiagnostics = {
        relatedInformation = true,
        tagSupport = {
          valueSet = { 1, 2 }
        },
        versionSupport = true
      },
      rangeFormatting = {
        dynamicRegistration = true
      },
      references = {
        dynamicRegistration = true
      },
      rename = {
        dynamicRegistration = true,
        prepareSupport = true
      },
      selectionRange = {
        dynamicRegistration = true
      },
      signatureHelp = {
        dynamicRegistration = true,
        signatureInformation = {
          activeParameterSupport = true,
          parameterInformation = {
            labelOffsetSupport = true
          }
        }
      },
      synchronization = {
        didSave = true,
        willSave = true,
        willSaveWaitUntil = true
      },
      typeDefinition = {
        dynamicRegistration = true,
        linkSupport = true
      },
      typeHierarchy = {
        dynamicRegistration = true
      }
    },
    window = {
      showDocument = {
        support = true
      },
      workDoneProgress = true
    },
    workspace = {
      applyEdit = true,
      codeLens = {
        refreshSupport = true
      },
      configuration = true,
      diagnostics = {
        refreshSupport = false
      },
      didChangeWatchedFiles = {
        dynamicRegistration = true
      },
      executeCommand = {
        dynamicRegistration = false
      },
      fileOperations = {
        didCreate = false,
        didDelete = false,
        didRename = true,
        willCreate = false,
        willDelete = false,
        willRename = true
      },
      symbol = {
        symbolKind = {
          valueSet = { 1, 2, 3, 4, 5, 6, 7, 8, 9, 10, 11, 12, 13, 14, 15, 16, 17, 18, 19, 20, 21, 22, 23, 24, 25, 26 }
        }
      },
      workspaceEdit = {
        documentChanges = true,
        resourceOperations = { "create", "rename", "delete" }
      },
      workspaceFolders = true
    }
  },
  clientInfo = {
    name = "emacs",
    version = "GNU Emacs 30.2 (build 2, x86_64-pc-linux-gnu, GTK+ Version 3.24.50, cairo version 1.18.4)"
  },
  processId = 916,
  rootPath = "/home/bryce/.config/wezterm",
  rootUri = "file:///home/bryce/.config/wezterm",
  workDoneToken = "1"
}
[20:53:57.009][info] [#0:script/language.lua:137]: VSC language: nil
[20:53:57.009][info] [#0:script/language.lua:138]: LS  language: en-us
[20:53:57.009][info] [#0:script/workspace/workspace.lua:38]: Workspace init root: 	file:///home/bryce/.config/wezterm
[20:53:57.010][info] [#0:script/workspace/workspace.lua:42]: Log path: 	/home/bryce/.config/emacs/.cache/lsp/lua-language-server/log/file_home_bryce_.config_wezterm.log
[20:53:57.018][info] [#0:script/workspace/workspace.lua:48]: Workspace create: 	file:///home/bryce/.config/wezterm
[20:53:57.709][info] [#0:script/provider/provider.lua:49]: Load config from client	file:///home/bryce/.config/wezterm
[20:53:57.710][info] [#0:script/provider/provider.lua:50]: {
  Lua = {
    color = {
      mode = "Semantic"
    },
    completion = {
      callSnippet = "Disable",
      displayContext = 6,
      enable = true,
      keywordSnippet = "Replace",
      workspaceWord = true
    },
    develop = {
      debuggerPort = 11412,
      debuggerWait = false,
      enable = false
    },
    diagnostics = {
      enable = true,
      workspaceDelay = 0,
      workspaceRate = 100
    },
    hint = {
      enable = false,
      paramName = true,
      paramType = true
    },
    hover = {
      enable = true,
      fieldInfer = 3000,
      previewFields = 100,
      viewNumber = true,
      viewString = true,
      viewStringMax = 1000
    },
    intelliSense = {
      searchDepth = 0
    },
    runtime = {
      fileEncoding = "utf8",
      path = { "?.lua", "?/init.lua", "?/?.lua" },
      version = "Lua 5.4"
    },
    signatureHelp = {
      enable = true
    },
    telemetry = {
      enable = false
    },
    window = {
      progressBar = true,
      statusBar = true
    },
    workspace = {
      ignoreDir = { ".vscode" },
      ignoreSubmodules = true,
      maxPreload = 1000,
      preloadFileSize = 100,
      useGitIgnore = true
    }
  },
  ["files.associations"] = false,
  ["files.exclude"] = false
}
[20:53:57.711][info] [#0:script/provider/completion.lua:43]: Enable completion.
[20:53:57.813][info] [#0:script/provider/provider.lua:65]: Load config from client	fallback
[20:53:57.814][info] [#0:script/provider/provider.lua:66]: {
  Lua = {
    color = {
      mode = "Semantic"
    },
    completion = {
      callSnippet = "Disable",
      displayContext = 6,
      enable = true,
      keywordSnippet = "Replace",
      workspaceWord = true
    },
    develop = {
      debuggerPort = 11412,
      debuggerWait = false,
      enable = false
    },
    diagnostics = {
      enable = true,
      workspaceDelay = 0,
      workspaceRate = 100
    },
    hint = {
      enable = false,
      paramName = true,
      paramType = true
    },
    hover = {
      enable = true,
      fieldInfer = 3000,
      previewFields = 100,
      viewNumber = true,
      viewString = true,
      viewStringMax = 1000
    },
    intelliSense = {
      searchDepth = 0
    },
    runtime = {
      fileEncoding = "utf8",
      path = { "?.lua", "?/init.lua", "?/?.lua" },
      version = "Lua 5.4"
    },
    signatureHelp = {
      enable = true
    },
    telemetry = {
      enable = false
    },
    window = {
      progressBar = true,
      statusBar = true
    },
    workspace = {
      ignoreDir = { ".vscode" },
      ignoreSubmodules = true,
      maxPreload = 1000,
      preloadFileSize = 100,
      useGitIgnore = true
    }
  },
  ["files.associations"] = false,
  ["files.exclude"] = false
}
[20:53:58.060][info] [#0:script/library.lua:212]: Init builtin library at:	file:///home/bryce/.config/wezterm
[20:53:58.192][info] [#0:script/library.lua:212]: Init builtin library at:	nil
[20:53:58.312][info] [#0:script/workspace/workspace.lua:330]: Preload start:	file:///home/bryce/.config/wezterm
[20:53:58.325][info] [#0:script/workspace/workspace.lua:336]: Scan files at:	file:///home/bryce/.config/wezterm
[20:53:58.327][info] [#0:script/workspace/workspace.lua:330]: Preload start:	<fallback>
[20:53:58.352][info] [#0:script/workspace/workspace.lua:359]: Scan library at:	file:///home/bryce/.config/emacs/.cache/lsp/lua-language-server/meta/Lua%205.4%20en-us%20utf8/basic.lua
[20:53:58.354][info] [#0:script/workspace/workspace.lua:359]: Scan library at:	file:///home/bryce/.config/emacs/.cache/lsp/lua-language-server/meta/Lua%205.4%20en-us%20utf8/string.lua
[20:53:58.355][info] [#0:script/workspace/workspace.lua:359]: Scan library at:	file:///home/bryce/.config/emacs/.cache/lsp/lua-language-server/meta/Lua%205.4%20en-us%20utf8/table.lua
[20:53:58.356][info] [#0:script/workspace/workspace.lua:359]: Scan library at:	file:///home/bryce/.config/emacs/.cache/lsp/lua-language-server/meta/Lua%205.4%20en-us%20utf8/basic.lua
[20:53:58.356][info] [#0:script/workspace/workspace.lua:359]: Scan library at:	file:///home/bryce/.config/emacs/.cache/lsp/lua-language-server/meta/Lua%205.4%20en-us%20utf8/coroutine.lua
[20:53:58.357][info] [#0:script/workspace/workspace.lua:359]: Scan library at:	file:///home/bryce/.config/emacs/.cache/lsp/lua-language-server/meta/Lua%205.4%20en-us%20utf8/string.lua
[20:53:58.358][info] [#0:script/workspace/workspace.lua:359]: Scan library at:	file:///home/bryce/.config/emacs/.cache/lsp/lua-language-server/meta/Lua%205.4%20en-us%20utf8/builtin.lua
[20:53:58.359][info] [#0:script/workspace/workspace.lua:359]: Scan library at:	file:///home/bryce/.config/emacs/.cache/lsp/lua-language-server/meta/Lua%205.4%20en-us%20utf8/table.lua
[20:53:58.359][info] [#0:script/workspace/workspace.lua:359]: Scan library at:	file:///home/bryce/.config/emacs/.cache/lsp/lua-language-server/meta/Lua%205.4%20en-us%20utf8/math.lua
[20:53:58.360][info] [#0:script/workspace/workspace.lua:359]: Scan library at:	file:///home/bryce/.config/emacs/.cache/lsp/lua-language-server/meta/Lua%205.4%20en-us%20utf8/coroutine.lua
[20:53:58.360][info] [#0:script/workspace/workspace.lua:359]: Scan library at:	file:///home/bryce/.config/emacs/.cache/lsp/lua-language-server/meta/Lua%205.4%20en-us%20utf8/package.lua
[20:53:58.360][info] [#0:script/workspace/workspace.lua:359]: Scan library at:	file:///home/bryce/.config/emacs/.cache/lsp/lua-language-server/meta/Lua%205.4%20en-us%20utf8/builtin.lua
[20:53:58.361][info] [#0:script/workspace/workspace.lua:359]: Scan library at:	file:///home/bryce/.config/emacs/.cache/lsp/lua-language-server/meta/Lua%205.4%20en-us%20utf8/utf8.lua
[20:53:58.361][info] [#0:script/workspace/workspace.lua:359]: Scan library at:	file:///home/bryce/.config/emacs/.cache/lsp/lua-language-server/meta/Lua%205.4%20en-us%20utf8/math.lua
[20:53:58.361][info] [#0:script/workspace/workspace.lua:359]: Scan library at:	file:///home/bryce/.config/emacs/.cache/lsp/lua-language-server/meta/Lua%205.4%20en-us%20utf8/os.lua
[20:53:58.361][info] [#0:script/workspace/workspace.lua:359]: Scan library at:	file:///home/bryce/.config/emacs/.cache/lsp/lua-language-server/meta/Lua%205.4%20en-us%20utf8/package.lua
[20:53:58.362][info] [#0:script/workspace/workspace.lua:359]: Scan library at:	file:///home/bryce/.config/emacs/.cache/lsp/lua-language-server/meta/Lua%205.4%20en-us%20utf8/debug.lua
[20:53:58.362][info] [#0:script/workspace/workspace.lua:359]: Scan library at:	file:///home/bryce/.config/emacs/.cache/lsp/lua-language-server/meta/Lua%205.4%20en-us%20utf8/utf8.lua
[20:53:58.362][info] [#0:script/workspace/workspace.lua:359]: Scan library at:	file:///home/bryce/.config/emacs/.cache/lsp/lua-language-server/meta/Lua%205.4%20en-us%20utf8/io.lua
[20:53:58.363][info] [#0:script/workspace/workspace.lua:359]: Scan library at:	file:///home/bryce/.config/emacs/.cache/lsp/lua-language-server/meta/Lua%205.4%20en-us%20utf8/os.lua
[20:53:58.363][info] [#0:script/workspace/workspace.lua:359]: Scan library at:	file:///home/bryce/.config/emacs/.cache/lsp/lua-language-server/meta/Lua%205.4%20en-us%20utf8/debug.lua
[20:53:58.363][info] [#0:script/workspace/workspace.lua:359]: Scan library at:	file:///home/bryce/.config/emacs/.cache/lsp/lua-language-server/meta/Lua%205.4%20en-us%20utf8/io.lua
[20:53:58.464][info] [#0:script/workspace/workspace.lua:385]: Found 11 files at:	<fallback>
[20:53:58.464][info] [#0:script/workspace/loading.lua:160]: Load files from disk:	<fallback>
[20:53:58.464][info] [#0:script/workspace/workspace.lua:385]: Found 13 files at:	file:///home/bryce/.config/wezterm
[20:53:58.464][info] [#0:script/workspace/loading.lua:160]: Load files from disk:	file:///home/bryce/.config/wezterm
[20:53:58.466][info] [#0:script/workspace/loading.lua:100]: Preload file at: file:///home/bryce/.config/emacs/.cache/lsp/lua-language-server/meta/Lua%205.4%20en-us%20utf8/io.lua , size = 6.364 KB
[20:53:58.489][info] [#0:script/workspace/loading.lua:112]: ++++As library of:	file:///home/bryce/.config/emacs/.cache/lsp/lua-language-server/meta/Lua%205.4%20en-us%20utf8/io.lua
[20:53:58.489][info] [#0:script/workspace/loading.lua:100]: Preload file at: file:///home/bryce/.config/emacs/.cache/lsp/lua-language-server/meta/Lua%205.4%20en-us%20utf8/debug.lua , size = 7.637 KB
[20:53:58.516][info] [#0:script/workspace/loading.lua:112]: ++++As library of:	file:///home/bryce/.config/emacs/.cache/lsp/lua-language-server/meta/Lua%205.4%20en-us%20utf8/debug.lua
[20:53:58.517][info] [#0:script/workspace/loading.lua:97]: Skip loaded file: file:///home/bryce/.config/emacs/.cache/lsp/lua-language-server/meta/Lua%205.4%20en-us%20utf8/io.lua
[20:53:58.517][info] [#0:script/workspace/loading.lua:88]: Skip loaded file: file:///home/bryce/.config/emacs/.cache/lsp/lua-language-server/meta/Lua%205.4%20en-us%20utf8/debug.lua
[20:53:58.517][info] [#0:script/workspace/loading.lua:112]: ++++As library of:	file:///home/bryce/.config/emacs/.cache/lsp/lua-language-server/meta/Lua%205.4%20en-us%20utf8/debug.lua
[20:53:58.517][info] [#0:script/workspace/loading.lua:100]: Preload file at: file:///home/bryce/.config/emacs/.cache/lsp/lua-language-server/meta/Lua%205.4%20en-us%20utf8/os.lua , size = 5.611 KB
[20:53:58.526][info] [#0:script/workspace/loading.lua:112]: ++++As library of:	file:///home/bryce/.config/emacs/.cache/lsp/lua-language-server/meta/Lua%205.4%20en-us%20utf8/os.lua
[20:53:58.526][info] [#0:script/workspace/loading.lua:97]: Skip loaded file: file:///home/bryce/.config/emacs/.cache/lsp/lua-language-server/meta/Lua%205.4%20en-us%20utf8/os.lua
[20:53:58.526][info] [#0:script/workspace/loading.lua:100]: Preload file at: file:///home/bryce/.config/emacs/.cache/lsp/lua-language-server/meta/Lua%205.4%20en-us%20utf8/utf8.lua , size = 2.386 KB
[20:53:58.530][info] [#0:script/workspace/loading.lua:112]: ++++As library of:	file:///home/bryce/.config/emacs/.cache/lsp/lua-language-server/meta/Lua%205.4%20en-us%20utf8/utf8.lua
[20:53:58.530][info] [#0:script/workspace/loading.lua:88]: Skip loaded file: file:///home/bryce/.config/emacs/.cache/lsp/lua-language-server/meta/Lua%205.4%20en-us%20utf8/utf8.lua
[20:53:58.530][info] [#0:script/workspace/loading.lua:112]: ++++As library of:	file:///home/bryce/.config/emacs/.cache/lsp/lua-language-server/meta/Lua%205.4%20en-us%20utf8/utf8.lua
[20:53:58.531][info] [#0:script/workspace/loading.lua:100]: Preload file at: file:///home/bryce/.config/emacs/.cache/lsp/lua-language-server/meta/Lua%205.4%20en-us%20utf8/package.lua , size = 2.944 KB
[20:53:58.535][info] [#0:script/workspace/loading.lua:112]: ++++As library of:	file:///home/bryce/.config/emacs/.cache/lsp/lua-language-server/meta/Lua%205.4%20en-us%20utf8/package.lua
[20:53:58.535][info] [#0:script/workspace/loading.lua:97]: Skip loaded file: file:///home/bryce/.config/emacs/.cache/lsp/lua-language-server/meta/Lua%205.4%20en-us%20utf8/package.lua
[20:53:58.535][info] [#0:script/workspace/loading.lua:100]: Preload file at: file:///home/bryce/.config/emacs/.cache/lsp/lua-language-server/meta/Lua%205.4%20en-us%20utf8/math.lua , size = 8.542 KB
[20:53:58.552][info] [#0:script/workspace/loading.lua:112]: ++++As library of:	file:///home/bryce/.config/emacs/.cache/lsp/lua-language-server/meta/Lua%205.4%20en-us%20utf8/math.lua
[20:53:58.553][info] [#0:script/workspace/loading.lua:97]: Skip loaded file: file:///home/bryce/.config/emacs/.cache/lsp/lua-language-server/meta/Lua%205.4%20en-us%20utf8/math.lua
[20:53:58.553][info] [#0:script/workspace/loading.lua:100]: Preload file at: file:///home/bryce/.config/emacs/.cache/lsp/lua-language-server/meta/Lua%205.4%20en-us%20utf8/builtin.lua , size = 0.302 KB
[20:53:58.554][info] [#0:script/workspace/loading.lua:112]: ++++As library of:	file:///home/bryce/.config/emacs/.cache/lsp/lua-language-server/meta/Lua%205.4%20en-us%20utf8/builtin.lua
[20:53:58.554][info] [#0:script/workspace/loading.lua:97]: Skip loaded file: file:///home/bryce/.config/emacs/.cache/lsp/lua-language-server/meta/Lua%205.4%20en-us%20utf8/builtin.lua
[20:53:58.555][info] [#0:script/workspace/loading.lua:100]: Preload file at: file:///home/bryce/.config/emacs/.cache/lsp/lua-language-server/meta/Lua%205.4%20en-us%20utf8/coroutine.lua , size = 2.590 KB
[20:53:58.558][info] [#0:script/workspace/loading.lua:112]: ++++As library of:	file:///home/bryce/.config/emacs/.cache/lsp/lua-language-server/meta/Lua%205.4%20en-us%20utf8/coroutine.lua
[20:53:58.558][info] [#0:script/workspace/loading.lua:88]: Skip loaded file: file:///home/bryce/.config/emacs/.cache/lsp/lua-language-server/meta/Lua%205.4%20en-us%20utf8/coroutine.lua
[20:53:58.558][info] [#0:script/workspace/loading.lua:112]: ++++As library of:	file:///home/bryce/.config/emacs/.cache/lsp/lua-language-server/meta/Lua%205.4%20en-us%20utf8/coroutine.lua
[20:53:58.559][info] [#0:script/workspace/loading.lua:100]: Preload file at: file:///home/bryce/.config/emacs/.cache/lsp/lua-language-server/meta/Lua%205.4%20en-us%20utf8/table.lua , size = 4.445 KB
[20:53:58.565][info] [#0:script/workspace/loading.lua:112]: ++++As library of:	file:///home/bryce/.config/emacs/.cache/lsp/lua-language-server/meta/Lua%205.4%20en-us%20utf8/table.lua
[20:53:58.566][info] [#0:script/workspace/loading.lua:97]: Skip loaded file: file:///home/bryce/.config/emacs/.cache/lsp/lua-language-server/meta/Lua%205.4%20en-us%20utf8/table.lua
[20:53:58.566][info] [#0:script/workspace/loading.lua:100]: Preload file at: file:///home/bryce/.config/emacs/.cache/lsp/lua-language-server/meta/Lua%205.4%20en-us%20utf8/string.lua , size = 5.234 KB
[20:53:58.574][info] [#0:script/workspace/loading.lua:112]: ++++As library of:	file:///home/bryce/.config/emacs/.cache/lsp/lua-language-server/meta/Lua%205.4%20en-us%20utf8/string.lua
[20:53:58.574][info] [#0:script/workspace/loading.lua:88]: Skip loaded file: file:///home/bryce/.config/emacs/.cache/lsp/lua-language-server/meta/Lua%205.4%20en-us%20utf8/string.lua
[20:53:58.574][info] [#0:script/workspace/loading.lua:112]: ++++As library of:	file:///home/bryce/.config/emacs/.cache/lsp/lua-language-server/meta/Lua%205.4%20en-us%20utf8/string.lua
[20:53:58.575][info] [#0:script/workspace/loading.lua:100]: Preload file at: file:///home/bryce/.config/emacs/.cache/lsp/lua-language-server/meta/Lua%205.4%20en-us%20utf8/basic.lua , size = 15.841 KB
[20:53:58.605][info] [#0:script/workspace/loading.lua:112]: ++++As library of:	file:///home/bryce/.config/emacs/.cache/lsp/lua-language-server/meta/Lua%205.4%20en-us%20utf8/basic.lua
[20:53:58.605][info] [#0:script/workspace/loading.lua:97]: Skip loaded file: file:///home/bryce/.config/emacs/.cache/lsp/lua-language-server/meta/Lua%205.4%20en-us%20utf8/basic.lua
[20:53:58.605][info] [#0:script/workspace/loading.lua:88]: Skip loaded file: file:///home/bryce/.config/wezterm/wezterm.lua
[20:53:58.605][info] [#0:script/workspace/loading.lua:172]: Loaded files takes [0.143] sec: file:///home/bryce/.config/wezterm
[20:53:58.605][info] [#0:script/workspace/loading.lua:181]: Compile files takes [0.000] sec: file:///home/bryce/.config/wezterm
[20:53:58.605][info] [#0:script/workspace/loading.lua:182]: Loaded finish:	file:///home/bryce/.config/wezterm
[20:53:58.605][info] [#0:script/workspace/workspace.lua:387]: Preload finish at:	file:///home/bryce/.config/wezterm
[20:53:58.748][info] [#0:script/workspace/loading.lua:172]: Loaded files takes [0.163] sec: <fallback>
[20:53:58.748][info] [#0:script/workspace/loading.lua:181]: Compile files takes [0.000] sec: <fallback>
[20:53:58.748][info] [#0:script/workspace/loading.lua:182]: Loaded finish:	<fallback>
[20:53:58.748][info] [#0:script/workspace/workspace.lua:387]: Preload finish at:	<fallback>
[20:53:59.906][info] [#0:script/provider/diagnostic.lua:171]: clearDiagnostics	file:///home/bryce/.config/wezterm/wezterm.lua
[20:54:02.171][info] [#0:script/provider/diagnostic.lua:560]: Diagnostics scope [file:///home/bryce/.config/wezterm], files count:[12]
[20:54:02.216][info] [#0:script/provider/diagnostic.lua:577]: Diagnostics scope [file:///home/bryce/.config/wezterm] finished, takes [0.025] sec.
